<?xml version="1.0" encoding="UTF-8"?>
<testng-results skipped="0" failed="0" ignored="1" total="2" passed="1">
  <reporter-output>
  </reporter-output>
  <suite name="All Test Suite" duration-ms="35359" started-at="2022-05-18T10:04:15 GMT-05:00" finished-at="2022-05-18T10:04:51 GMT-05:00">
    <groups>
    </groups>
    <test name="C:/Users/Daria/IdeaProjects/TestNGFramework" duration-ms="35359" started-at="2022-05-18T10:04:15 GMT-05:00" finished-at="2022-05-18T10:04:51 GMT-05:00">
      <class name="test.AddEmployeeTest">
        <test-method status="PASS" signature="openBrowserAndLaunchApplication()[pri:0, instance:test.AddEmployeeTest@7cd62f43]" name="openBrowserAndLaunchApplication" is-config="true" duration-ms="2893" started-at="2022-05-18T10:04:15 GMT-05:00" finished-at="2022-05-18T10:04:18 GMT-05:00">
          <reporter-output>
          </reporter-output>
        </test-method> <!-- openBrowserAndLaunchApplication -->
        <test-method status="PASS" signature="addMultipleEmployeesFromExcel()[pri:0, instance:test.AddEmployeeTest@7cd62f43]" name="addMultipleEmployeesFromExcel" duration-ms="31414" started-at="2022-05-18T10:04:18 GMT-05:00" finished-at="2022-05-18T10:04:50 GMT-05:00">
          <reporter-output>
          </reporter-output>
        </test-method> <!-- addMultipleEmployeesFromExcel -->
        <test-method status="PASS" signature="tearDown()[pri:0, instance:test.AddEmployeeTest@7cd62f43]" name="tearDown" is-config="true" duration-ms="693" started-at="2022-05-18T10:04:50 GMT-05:00" finished-at="2022-05-18T10:04:51 GMT-05:00">
          <reporter-output>
          </reporter-output>
        </test-method> <!-- tearDown -->
      </class> <!-- test.AddEmployeeTest -->
    </test> <!-- C:/Users/Daria/IdeaProjects/TestNGFramework -->
  </suite> <!-- All Test Suite -->
</testng-results>
